<?xml version="1.0" encoding="UTF-8"?>
<!-- Generated by org.testng.reporters.JUnitReportReporter -->
<testsuite hostname="DESKTOP-9D7G99Q" failures="0" tests="1" name="basics.DemoTestNg" time="0.016" errors="0" timestamp="2024-02-03T16:11:11 IST" skipped="0">
  <testcase classname="basics.DemoTestNg" name="DemoTest" time="0.016"/>
</testsuite> <!-- basics.DemoTestNg -->
