<?xml version="1.0" encoding="UTF-8"?>
<!-- Generated by org.testng.reporters.JUnitReportReporter -->
<testsuite hostname="DESKTOP-9D7G99Q" failures="0" tests="1" name="basics.DemoTestNg" time="0.022" errors="0" timestamp="2023-12-27T19:59:37 IST" skipped="0">
  <testcase classname="basics.DemoTestNg" name="create" time="0.022">
    <system-out>
      <![CDATA[craete done ]]>
    </system-out>
  </testcase> <!-- create -->
  <system-out>
    <![CDATA[craete done ]]>
  </system-out>
</testsuite> <!-- basics.DemoTestNg -->
